<?xml version="1.0" encoding="UTF-8"?>
<coverage generated="1781750117741" clover="3.2.0">
  <project timestamp="1781750117741" name="All files">
    <metrics statements="52" coveredstatements="38" conditionals="22" coveredconditionals="15" methods="5" coveredmethods="5" elements="79" coveredelements="58" complexity="0" loc="52" ncloc="52" packages="1" files="2" classes="2"/>
    <file name="auth.controller.ts" path="C:\Users\javier\Desktop\caso_muni\backend\src\controllers\auth.controller.ts">
      <metrics statements="40" coveredstatements="28" conditionals="22" coveredconditionals="15" methods="3" coveredmethods="3"/>
      <line num="1" count="2" type="stmt"/>
      <line num="2" count="2" type="stmt"/>
      <line num="8" count="2" type="stmt"/>
      <line num="9" count="2" type="cond" truecount="3" falsecount="1"/>
      <line num="10" count="0" type="stmt"/>
      <line num="12" count="2" type="cond" truecount="3" falsecount="1"/>
      <line num="13" count="0" type="stmt"/>
      <line num="15" count="2" type="cond" truecount="3" falsecount="1"/>
      <line num="16" count="0" type="stmt"/>
      <line num="18" count="2" type="cond" truecount="1" falsecount="0"/>
      <line num="19" count="1" type="stmt"/>
      <line num="21" count="1" type="stmt"/>
      <line num="24" count="2" type="stmt"/>
      <line num="25" count="2" type="stmt"/>
      <line num="26" count="2" type="stmt"/>
      <line num="28" count="2" type="cond" truecount="3" falsecount="0"/>
      <line num="29" count="1" type="stmt"/>
      <line num="34" count="1" type="stmt"/>
      <line num="38" count="1" type="cond" truecount="1" falsecount="0"/>
      <line num="39" count="1" type="stmt"/>
      <line num="44" count="0" type="stmt"/>
      <line num="48" count="0" type="cond" truecount="0" falsecount="1"/>
      <line num="49" count="0" type="stmt"/>
      <line num="54" count="0" type="stmt"/>
      <line num="64" count="0" type="stmt"/>
      <line num="66" count="0" type="stmt"/>
      <line num="72" count="2" type="stmt"/>
      <line num="73" count="2" type="stmt"/>
      <line num="75" count="2" type="stmt"/>
      <line num="76" count="2" type="cond" truecount="1" falsecount="0"/>
      <line num="77" count="1" type="stmt"/>
      <line num="82" count="1" type="stmt"/>
      <line num="85" count="1" type="stmt"/>
      <line num="89" count="1" type="cond" truecount="0" falsecount="1"/>
      <line num="90" count="0" type="stmt"/>
      <line num="96" count="1" type="stmt"/>
      <line num="99" count="1" type="stmt"/>
      <line num="107" count="1" type="stmt"/>
      <line num="117" count="0" type="stmt"/>
      <line num="118" count="0" type="stmt"/>
    </file>
    <file name="reporte.controller.ts" path="C:\Users\javier\Desktop\caso_muni\backend\src\controllers\reporte.controller.ts">
      <metrics statements="12" coveredstatements="10" conditionals="0" coveredconditionals="0" methods="2" coveredmethods="2"/>
      <line num="2" count="2" type="stmt"/>
      <line num="4" count="2" type="stmt"/>
      <line num="8" count="1" type="stmt"/>
      <line num="10" count="1" type="stmt"/>
      <line num="16" count="1" type="stmt"/>
      <line num="18" count="0" type="stmt"/>
      <line num="22" count="2" type="stmt"/>
      <line num="26" count="1" type="stmt"/>
      <line num="32" count="1" type="stmt"/>
      <line num="35" count="1" type="stmt"/>
      <line num="46" count="1" type="stmt"/>
      <line num="48" count="0" type="stmt"/>
    </file>
  </project>
</coverage>
