{"C:\\Users\\javier\\Desktop\\caso_muni\\backend\\src\\controllers\\auth.controller.ts": {"path":"C:\\Users\\javier\\Desktop\\caso_muni\\backend\\src\\controllers\\auth.controller.ts","statementMap":{"0":{"start":{"line":1,"column":0},"end":{"line":1,"column":36}},"1":{"start":{"line":2,"column":0},"end":{"line":2,"column":38}},"2":{"start":{"line":8,"column":24},"end":{"line":22,"column":1}},"3":{"start":{"line":9,"column":2},"end":{"line":11,"column":3}},"4":{"start":{"line":10,"column":4},"end":{"line":10,"column":90}},"5":{"start":{"line":12,"column":2},"end":{"line":14,"column":3}},"6":{"start":{"line":13,"column":4},"end":{"line":13,"column":89}},"7":{"start":{"line":15,"column":2},"end":{"line":17,"column":3}},"8":{"start":{"line":16,"column":4},"end":{"line":16,"column":92}},"9":{"start":{"line":18,"column":2},"end":{"line":20,"column":3}},"10":{"start":{"line":19,"column":4},"end":{"line":19,"column":86}},"11":{"start":{"line":21,"column":2},"end":{"line":21,"column":26}},"12":{"start":{"line":24,"column":21},"end":{"line":70,"column":1}},"13":{"start":{"line":25,"column":2},"end":{"line":69,"column":3}},"14":{"start":{"line":26,"column":32},"end":{"line":26,"column":40}},"15":{"start":{"line":28,"column":4},"end":{"line":32,"column":5}},"16":{"start":{"line":29,"column":6},"end":{"line":31,"column":9}},"17":{"start":{"line":34,"column":20},"end":{"line":36,"column":6}},"18":{"start":{"line":38,"column":4},"end":{"line":42,"column":5}},"19":{"start":{"line":39,"column":6},"end":{"line":41,"column":9}},"20":{"start":{"line":44,"column":25},"end":{"line":46,"column":20}},"21":{"start":{"line":48,"column":4},"end":{"line":52,"column":5}},"22":{"start":{"line":49,"column":6},"end":{"line":51,"column":9}},"23":{"start":{"line":54,"column":4},"end":{"line":61,"column":7}},"24":{"start":{"line":64,"column":4},"end":{"line":64,"column":25}},"25":{"start":{"line":66,"column":4},"end":{"line":68,"column":7}},"26":{"start":{"line":24,"column":13},"end":{"line":24,"column":21}},"27":{"start":{"line":72,"column":24},"end":{"line":123,"column":1}},"28":{"start":{"line":73,"column":2},"end":{"line":122,"column":3}},"29":{"start":{"line":75,"column":23},"end":{"line":75,"column":48}},"30":{"start":{"line":76,"column":4},"end":{"line":80,"column":5}},"31":{"start":{"line":77,"column":6},"end":{"line":79,"column":9}},"32":{"start":{"line":82,"column":40},"end":{"line":82,"column":48}},"33":{"start":{"line":85,"column":19},"end":{"line":87,"column":6}},"34":{"start":{"line":89,"column":4},"end":{"line":93,"column":5}},"35":{"start":{"line":90,"column":6},"end":{"line":92,"column":9}},"36":{"start":{"line":96,"column":25},"end":{"line":96,"column":76}},"37":{"start":{"line":99,"column":20},"end":{"line":105,"column":6}},"38":{"start":{"line":107,"column":4},"end":{"line":114,"column":7}},"39":{"start":{"line":117,"column":4},"end":{"line":117,"column":47}},"40":{"start":{"line":118,"column":4},"end":{"line":121,"column":7}},"41":{"start":{"line":72,"column":13},"end":{"line":72,"column":24}}},"fnMap":{"0":{"name":"(anonymous_1)","decl":{"start":{"line":8,"column":24},"end":{"line":8,"column":25}},"loc":{"start":{"line":8,"column":75},"end":{"line":22,"column":1}}},"1":{"name":"(anonymous_2)","decl":{"start":{"line":24,"column":21},"end":{"line":24,"column":26}},"loc":{"start":{"line":24,"column":59},"end":{"line":70,"column":1}}},"2":{"name":"(anonymous_3)","decl":{"start":{"line":72,"column":24},"end":{"line":72,"column":29}},"loc":{"start":{"line":72,"column":62},"end":{"line":123,"column":1}}}},"branchMap":{"0":{"loc":{"start":{"line":9,"column":2},"end":{"line":11,"column":3}},"type":"if","locations":[{"start":{"line":9,"column":2},"end":{"line":11,"column":3}}]},"1":{"loc":{"start":{"line":9,"column":6},"end":{"line":9,"column":82}},"type":"binary-expr","locations":[{"start":{"line":9,"column":6},"end":{"line":9,"column":18}},{"start":{"line":9,"column":22},"end":{"line":9,"column":53}},{"start":{"line":9,"column":57},"end":{"line":9,"column":82}}]},"2":{"loc":{"start":{"line":12,"column":2},"end":{"line":14,"column":3}},"type":"if","locations":[{"start":{"line":12,"column":2},"end":{"line":14,"column":3}}]},"3":{"loc":{"start":{"line":12,"column":6},"end":{"line":12,"column":79}},"type":"binary-expr","locations":[{"start":{"line":12,"column":6},"end":{"line":12,"column":17}},{"start":{"line":12,"column":21},"end":{"line":12,"column":51}},{"start":{"line":12,"column":55},"end":{"line":12,"column":79}}]},"4":{"loc":{"start":{"line":15,"column":2},"end":{"line":17,"column":3}},"type":"if","locations":[{"start":{"line":15,"column":2},"end":{"line":17,"column":3}}]},"5":{"loc":{"start":{"line":15,"column":6},"end":{"line":15,"column":88}},"type":"binary-expr","locations":[{"start":{"line":15,"column":6},"end":{"line":15,"column":20}},{"start":{"line":15,"column":24},"end":{"line":15,"column":57}},{"start":{"line":15,"column":61},"end":{"line":15,"column":88}}]},"6":{"loc":{"start":{"line":18,"column":2},"end":{"line":20,"column":3}},"type":"if","locations":[{"start":{"line":18,"column":2},"end":{"line":20,"column":3}}]},"7":{"loc":{"start":{"line":28,"column":4},"end":{"line":32,"column":5}},"type":"if","locations":[{"start":{"line":28,"column":4},"end":{"line":32,"column":5}}]},"8":{"loc":{"start":{"line":28,"column":8},"end":{"line":28,"column":27}},"type":"binary-expr","locations":[{"start":{"line":28,"column":8},"end":{"line":28,"column":14}},{"start":{"line":28,"column":18},"end":{"line":28,"column":27}}]},"9":{"loc":{"start":{"line":38,"column":4},"end":{"line":42,"column":5}},"type":"if","locations":[{"start":{"line":38,"column":4},"end":{"line":42,"column":5}}]},"10":{"loc":{"start":{"line":48,"column":4},"end":{"line":52,"column":5}},"type":"if","locations":[{"start":{"line":48,"column":4},"end":{"line":52,"column":5}}]},"11":{"loc":{"start":{"line":76,"column":4},"end":{"line":80,"column":5}},"type":"if","locations":[{"start":{"line":76,"column":4},"end":{"line":80,"column":5}}]},"12":{"loc":{"start":{"line":89,"column":4},"end":{"line":93,"column":5}},"type":"if","locations":[{"start":{"line":89,"column":4},"end":{"line":93,"column":5}}]},"13":{"loc":{"start":{"line":120,"column":13},"end":{"line":120,"column":71}},"type":"cond-expr","locations":[{"start":{"line":120,"column":54},"end":{"line":120,"column":59}},{"start":{"line":120,"column":62},"end":{"line":120,"column":71}}]}},"s":{"0":2,"1":2,"2":2,"3":2,"4":0,"5":2,"6":0,"7":2,"8":0,"9":2,"10":1,"11":1,"12":2,"13":2,"14":2,"15":2,"16":1,"17":1,"18":1,"19":1,"20":0,"21":0,"22":0,"23":0,"24":0,"25":0,"26":2,"27":2,"28":2,"29":2,"30":2,"31":1,"32":1,"33":1,"34":1,"35":0,"36":1,"37":1,"38":1,"39":0,"40":0,"41":2},"f":{"0":2,"1":2,"2":2},"b":{"0":[0],"1":[2,2,2],"2":[0],"3":[2,2,2],"4":[0],"5":[2,2,2],"6":[1],"7":[1],"8":[2,1],"9":[1],"10":[0],"11":[1],"12":[0],"13":[0,0]}}
,"C:\\Users\\javier\\Desktop\\caso_muni\\backend\\src\\controllers\\reporte.controller.ts": {"path":"C:\\Users\\javier\\Desktop\\caso_muni\\backend\\src\\controllers\\reporte.controller.ts","statementMap":{"0":{"start":{"line":2,"column":0},"end":{"line":2,"column":39}},"1":{"start":{"line":4,"column":30},"end":{"line":20,"column":1}},"2":{"start":{"line":8,"column":2},"end":{"line":19,"column":3}},"3":{"start":{"line":10,"column":6},"end":{"line":14,"column":8}},"4":{"start":{"line":16,"column":4},"end":{"line":16,"column":23}},"5":{"start":{"line":18,"column":4},"end":{"line":18,"column":32}},"6":{"start":{"line":4,"column":13},"end":{"line":4,"column":30}},"7":{"start":{"line":22,"column":28},"end":{"line":50,"column":1}},"8":{"start":{"line":26,"column":2},"end":{"line":49,"column":3}},"9":{"start":{"line":32,"column":8},"end":{"line":32,"column":16}},"10":{"start":{"line":35,"column":6},"end":{"line":44,"column":8}},"11":{"start":{"line":46,"column":4},"end":{"line":46,"column":34}},"12":{"start":{"line":48,"column":4},"end":{"line":48,"column":32}},"13":{"start":{"line":22,"column":13},"end":{"line":22,"column":28}}},"fnMap":{"0":{"name":"(anonymous_0)","decl":{"start":{"line":4,"column":30},"end":{"line":4,"column":35}},"loc":{"start":{"line":7,"column":4},"end":{"line":20,"column":1}}},"1":{"name":"(anonymous_1)","decl":{"start":{"line":22,"column":28},"end":{"line":22,"column":33}},"loc":{"start":{"line":25,"column":4},"end":{"line":50,"column":1}}}},"branchMap":{},"s":{"0":2,"1":2,"2":1,"3":1,"4":1,"5":0,"6":2,"7":2,"8":1,"9":1,"10":1,"11":1,"12":0,"13":2},"f":{"0":1,"1":1},"b":{}}
}
