TN:
SF:src\controllers\auth.controller.ts
FN:8,(anonymous_1)
FN:24,(anonymous_2)
FN:72,(anonymous_3)
FNF:3
FNH:3
FNDA:2,(anonymous_1)
FNDA:2,(anonymous_2)
FNDA:2,(anonymous_3)
DA:1,2
DA:2,2
DA:8,2
DA:9,2
DA:10,0
DA:12,2
DA:13,0
DA:15,2
DA:16,0
DA:18,2
DA:19,1
DA:21,1
DA:24,2
DA:25,2
DA:26,2
DA:28,2
DA:29,1
DA:34,1
DA:38,1
DA:39,1
DA:44,0
DA:48,0
DA:49,0
DA:54,0
DA:64,0
DA:66,0
DA:72,2
DA:73,2
DA:75,2
DA:76,2
DA:77,1
DA:82,1
DA:85,1
DA:89,1
DA:90,0
DA:96,1
DA:99,1
DA:107,1
DA:117,0
DA:118,0
LF:40
LH:28
BRDA:9,0,0,0
BRDA:9,1,0,2
BRDA:9,1,1,2
BRDA:9,1,2,2
BRDA:12,2,0,0
BRDA:12,3,0,2
BRDA:12,3,1,2
BRDA:12,3,2,2
BRDA:15,4,0,0
BRDA:15,5,0,2
BRDA:15,5,1,2
BRDA:15,5,2,2
BRDA:18,6,0,1
BRDA:28,7,0,1
BRDA:28,8,0,2
BRDA:28,8,1,1
BRDA:38,9,0,1
BRDA:48,10,0,0
BRDA:76,11,0,1
BRDA:89,12,0,0
BRDA:120,13,0,0
BRDA:120,13,1,0
BRF:22
BRH:15
end_of_record
TN:
SF:src\controllers\reporte.controller.ts
FN:4,(anonymous_0)
FN:22,(anonymous_1)
FNF:2
FNH:2
FNDA:1,(anonymous_0)
FNDA:1,(anonymous_1)
DA:2,2
DA:4,2
DA:8,1
DA:10,1
DA:16,1
DA:18,0
DA:22,2
DA:26,1
DA:32,1
DA:35,1
DA:46,1
DA:48,0
LF:12
LH:10
BRF:0
BRH:0
end_of_record
